<?xml version="1.0" encoding="UTF-8"?>
<coverage generated="1662197132661" clover="3.2.0">
  <project timestamp="1662197132661" name="All files">
    <metrics statements="20" coveredstatements="18" conditionals="12" coveredconditionals="11" methods="5" coveredmethods="4" elements="37" coveredelements="33" complexity="0" loc="20" ncloc="20" packages="1" files="5" classes="5"/>
    <file name="all.js" path="C:\workspace\my-dev\Jest\all.js">
      <metrics statements="2" coveredstatements="2" conditionals="0" coveredconditionals="0" methods="0" coveredmethods="0"/>
      <line num="1" count="1" type="stmt"/>
      <line num="3" count="1" type="stmt"/>
    </file>
    <file name="input.js" path="C:\workspace\my-dev\Jest\input.js">
      <metrics statements="12" coveredstatements="11" conditionals="12" coveredconditionals="11" methods="1" coveredmethods="1"/>
      <line num="10" count="4" type="cond" truecount="2" falsecount="0"/>
      <line num="11" count="1" type="stmt"/>
      <line num="13" count="4" type="cond" truecount="4" falsecount="0"/>
      <line num="14" count="1" type="stmt"/>
      <line num="16" count="4" type="cond" truecount="2" falsecount="0"/>
      <line num="17" count="1" type="stmt"/>
      <line num="19" count="4" type="cond" truecount="2" falsecount="0"/>
      <line num="20" count="1" type="stmt"/>
      <line num="22" count="4" type="cond" truecount="1" falsecount="1"/>
      <line num="23" count="0" type="stmt"/>
      <line num="25" count="4" type="stmt"/>
      <line num="28" count="1" type="stmt"/>
    </file>
    <file name="mock.js" path="C:\workspace\my-dev\Jest\mock.js">
      <metrics statements="2" coveredstatements="1" conditionals="0" coveredconditionals="0" methods="1" coveredmethods="0"/>
      <line num="2" count="0" type="stmt"/>
      <line num="5" count="1" type="stmt"/>
    </file>
    <file name="say.js" path="C:\workspace\my-dev\Jest\say.js">
      <metrics statements="2" coveredstatements="2" conditionals="0" coveredconditionals="0" methods="1" coveredmethods="1"/>
      <line num="2" count="1" type="stmt"/>
      <line num="5" count="1" type="stmt"/>
    </file>
    <file name="sum.js" path="C:\workspace\my-dev\Jest\sum.js">
      <metrics statements="2" coveredstatements="2" conditionals="0" coveredconditionals="0" methods="2" coveredmethods="2"/>
      <line num="10" count="2" type="stmt"/>
      <line num="12" count="1" type="stmt"/>
    </file>
  </project>
</coverage>
