TN:
SF:all.js
FNF:0
FNH:0
DA:1,1
DA:3,1
LF:2
LH:2
BRF:0
BRH:0
end_of_record
TN:
SF:input.js
FN:9,filterName
FNF:1
FNH:1
FNDA:4,filterName
DA:10,4
DA:11,1
DA:13,4
DA:14,1
DA:16,4
DA:17,1
DA:19,4
DA:20,1
DA:22,4
DA:23,0
DA:25,4
DA:28,1
LF:12
LH:11
BRDA:10,0,0,1
BRDA:10,0,1,3
BRDA:13,1,0,1
BRDA:13,1,1,3
BRDA:13,2,0,4
BRDA:13,2,1,4
BRDA:16,3,0,1
BRDA:16,3,1,3
BRDA:19,4,0,1
BRDA:19,4,1,3
BRDA:22,5,0,0
BRDA:22,5,1,4
BRF:12
BRH:11
end_of_record
TN:
SF:mock.js
FN:1,sayHello
FNF:1
FNH:0
FNDA:0,sayHello
DA:2,0
DA:5,1
LF:2
LH:1
BRF:0
BRH:0
end_of_record
TN:
SF:say.js
FN:1,sayHello
FNF:1
FNH:1
FNDA:1,sayHello
DA:2,1
DA:5,1
LF:2
LH:2
BRF:0
BRH:0
end_of_record
TN:
SF:sum.js
FN:10,(anonymous_0)
FN:10,(anonymous_1)
FNF:2
FNH:2
FNDA:2,(anonymous_0)
FNDA:1,(anonymous_1)
DA:10,2
DA:12,1
LF:2
LH:2
BRF:0
BRH:0
end_of_record
